<?xml version="1.0" encoding="UTF-8"?>
<testng-results skipped="1" failed="0" total="1" passed="0">
  <reporter-output>
  </reporter-output>
  <suite name="Default suite" duration-ms="37244" started-at="2018-07-08T06:37:25Z" finished-at="2018-07-08T06:38:02Z">
    <groups>
    </groups>
    <test name="Default test" duration-ms="37244" started-at="2018-07-08T06:37:25Z" finished-at="2018-07-08T06:38:02Z">
      <class name="com.freeCRM.TestCase.ContactsPageTest">
        <test-method status="FAIL" signature="setup()[pri:0, instance:com.freeCRM.TestCase.ContactsPageTest@61832929]" name="setup" is-config="true" duration-ms="0" started-at="2018-07-08T12:07:25Z" finished-at="2018-07-08T12:07:25Z">
          <exception class="java.lang.NullPointerException">
            <full-stacktrace>
              <![CDATA[java.lang.NullPointerException
	at com.freeCRM.TestCase.ContactsPageTest.setup(ContactsPageTest.java:26)
	at sun.reflect.NativeMethodAccessorImpl.invoke0(Native Method)
	at sun.reflect.NativeMethodAccessorImpl.invoke(Unknown Source)
	at sun.reflect.DelegatingMethodAccessorImpl.invoke(Unknown Source)
	at java.lang.reflect.Method.invoke(Unknown Source)
	at org.testng.internal.MethodInvocationHelper.invokeMethod(MethodInvocationHelper.java:80)
	at org.testng.internal.Invoker.invokeConfigurationMethod(Invoker.java:564)
	at org.testng.internal.Invoker.invokeConfigurations(Invoker.java:213)
	at org.testng.internal.Invoker.invokeMethod(Invoker.java:653)
	at org.testng.internal.Invoker.invokeTestMethod(Invoker.java:901)
	at org.testng.internal.Invoker.invokeTestMethods(Invoker.java:1231)
	at org.testng.internal.TestMethodWorker.invokeTestMethods(TestMethodWorker.java:127)
	at org.testng.internal.TestMethodWorker.run(TestMethodWorker.java:111)
	at org.testng.TestRunner.privateRun(TestRunner.java:767)
	at org.testng.TestRunner.run(TestRunner.java:617)
	at org.testng.SuiteRunner.runTest(SuiteRunner.java:334)
	at org.testng.SuiteRunner.runSequentially(SuiteRunner.java:329)
	at org.testng.SuiteRunner.privateRun(SuiteRunner.java:291)
	at org.testng.SuiteRunner.run(SuiteRunner.java:240)
	at org.testng.SuiteRunnerWorker.runSuite(SuiteRunnerWorker.java:52)
	at org.testng.SuiteRunnerWorker.run(SuiteRunnerWorker.java:86)
	at org.testng.TestNG.runSuitesSequentially(TestNG.java:1198)
	at org.testng.TestNG.runSuitesLocally(TestNG.java:1123)
	at org.testng.TestNG.run(TestNG.java:1031)
	at org.testng.remote.AbstractRemoteTestNG.run(AbstractRemoteTestNG.java:114)
	at org.testng.remote.RemoteTestNG.initAndRun(RemoteTestNG.java:251)
	at org.testng.remote.RemoteTestNG.main(RemoteTestNG.java:77)
]]>
            </full-stacktrace>
          </exception> <!-- java.lang.NullPointerException -->
          <reporter-output>
          </reporter-output>
        </test-method> <!-- setup -->
        <test-method status="SKIP" signature="OwnerTest()[pri:0, instance:com.freeCRM.TestCase.ContactsPageTest@61832929]" name="OwnerTest" duration-ms="6" started-at="2018-07-08T12:08:02Z" finished-at="2018-07-08T12:08:02Z">
          <reporter-output>
          </reporter-output>
        </test-method> <!-- OwnerTest -->
        <test-method status="SKIP" signature="tearDown()[pri:0, instance:com.freeCRM.TestCase.ContactsPageTest@61832929]" name="tearDown" is-config="true" duration-ms="0" started-at="2018-07-08T12:08:02Z" finished-at="2018-07-08T12:08:02Z">
          <reporter-output>
          </reporter-output>
        </test-method> <!-- tearDown -->
      </class> <!-- com.freeCRM.TestCase.ContactsPageTest -->
    </test> <!-- Default test -->
  </suite> <!-- Default suite -->
</testng-results>
